<?xml version="1.0" encoding="UTF-8"?>
<testng-results skipped="0" failed="0" ignored="0" total="1" passed="1">
  <reporter-output>
  </reporter-output>
  <suite name="Default suite" duration-ms="27077" started-at="2021-03-20T01:00:21 CDT" finished-at="2021-03-20T01:00:48 CDT">
    <groups>
    </groups>
    <test name="Default test" duration-ms="27077" started-at="2021-03-20T01:00:21 CDT" finished-at="2021-03-20T01:00:48 CDT">
      <class name="test.AddCustomerTest">
        <test-method status="PASS" signature="validUserShouldBeAbleToAddCustomer()[pri:0, instance:test.AddCustomerTest@34e9fd99]" name="validUserShouldBeAbleToAddCustomer" duration-ms="27021" started-at="2021-03-20T01:00:21 CDT" finished-at="2021-03-20T01:00:48 CDT">
          <reporter-output>
          </reporter-output>
        </test-method> <!-- validUserShouldBeAbleToAddCustomer -->
      </class> <!-- test.AddCustomerTest -->
    </test> <!-- Default test -->
  </suite> <!-- Default suite -->
</testng-results>
